<?xml version="1.0" encoding="UTF-8"?>
<testsuite name="Realizar una busqueda de lugares turisticos sin atutenticarse en Booking.com" tests="1" skipped="0" failures="0" errors="0" timestamp="2022-08-19T21:56:48" hostname="LAPTOP-TMQ7CEEC" time="19.933">
  <properties/>
  <testcase name="Realizar busqueda de lugares turisticos desde pagina de inicio" classname="Realizar una busqueda de lugares turisticos sin atutenticarse en Booking.com" time="19.933"/>
  <system-out><![CDATA[]]></system-out>
  <system-err><![CDATA[ago. 19, 2022 4:56:49 P. M. org.openqa.selenium.remote.DesiredCapabilities chrome
INFO: Using `new ChromeOptions()` is preferred to `DesiredCapabilities.chrome()`
Starting ChromeDriver 104.0.5112.29 (eff877e18f767c77fef0481a1cba402c8cbad404-refs/branch-heads/5112@{#422}) on port 11417
Only local connections are allowed.
Please see https://chromedriver.chromium.org/security-considerations for suggestions on keeping ChromeDriver safe.
ChromeDriver was started successfully.
ago. 19, 2022 4:56:52 P. M. org.openqa.selenium.remote.ProtocolHandshake createSession
INFO: Detected dialect: W3C
]]></system-err>
</testsuite>
